TN:
SF:src\app.ts
FNF:0
FNH:0
DA:1,0
DA:2,0
DA:3,0
DA:4,0
DA:5,0
DA:6,0
DA:9,0
DA:14,0
DA:19,0
DA:24,0
DA:30,0
DA:35,0
DA:37,0
LF:13
LH:0
BRF:0
BRH:0
end_of_record
TN:
SF:src\config.ts
FN:12,loadConfig
FNF:1
FNH:0
FNDA:0,loadConfig
DA:1,0
DA:2,0
DA:3,0
DA:14,0
DA:15,0
DA:16,0
DA:19,0
DA:27,0
DA:28,0
DA:30,0
DA:33,0
DA:41,0
DA:42,0
LF:13
LH:0
BRDA:14,0,0,0
BRDA:14,0,1,0
BRF:2
BRH:0
end_of_record
TN:
SF:src\server.ts
FN:5,run
FN:7,(anonymous_10)
FNF:2
FNH:0
FNDA:0,run
FNDA:0,(anonymous_10)
DA:1,0
DA:2,0
DA:3,0
DA:6,0
DA:7,0
DA:8,0
DA:12,0
LF:7
LH:0
BRF:0
BRH:0
end_of_record
TN:
SF:src\controllers\products.controller.ts
FN:11,(anonymous_12)
FN:30,(anonymous_14)
FN:41,(anonymous_16)
FN:51,(anonymous_18)
FN:61,(anonymous_20)
FNF:5
FNH:5
FNDA:2,(anonymous_12)
FNDA:1,(anonymous_14)
FNDA:2,(anonymous_16)
FNDA:1,(anonymous_18)
FNDA:1,(anonymous_20)
DA:1,1
DA:3,1
DA:4,1
DA:8,1
DA:11,1
DA:18,2
DA:20,2
DA:21,2
DA:22,2
DA:24,0
DA:30,1
DA:31,1
DA:32,1
DA:33,1
DA:35,0
DA:36,0
DA:41,1
DA:42,2
DA:43,2
DA:44,2
DA:46,0
DA:51,1
DA:52,1
DA:53,1
DA:54,1
DA:56,0
DA:61,1
DA:62,1
DA:63,1
DA:64,1
DA:66,0
LF:31
LH:25
BRF:0
BRH:0
end_of_record
TN:
SF:src\database\connection.ts
FN:4,connectMongoDB
FNF:1
FNH:0
FNDA:0,connectMongoDB
DA:1,0
DA:2,0
DA:4,0
DA:5,0
DA:6,0
DA:9,0
DA:11,0
LF:7
LH:0
BRF:0
BRH:0
end_of_record
TN:
SF:src\database\models\products.model.ts
FNF:0
FNH:0
DA:1,0
DA:9,0
DA:15,0
LF:3
LH:0
BRF:0
BRH:0
end_of_record
TN:
SF:src\database\models\user.model.ts
FNF:0
FNH:0
DA:1,0
DA:11,0
DA:18,0
DA:20,0
LF:4
LH:0
BRF:0
BRH:0
end_of_record
TN:
SF:src\database\repositories\products.repositories.ts
FN:6,(anonymous_7)
FN:31,(anonymous_9)
FN:42,(anonymous_11)
FN:51,(anonymous_13)
FN:60,(anonymous_15)
FNF:5
FNH:0
FNDA:0,(anonymous_7)
FNDA:0,(anonymous_9)
FNDA:0,(anonymous_11)
FNDA:0,(anonymous_13)
FNDA:0,(anonymous_15)
DA:2,0
DA:4,0
DA:7,0
DA:8,0
DA:10,0
DA:11,0
DA:14,0
DA:15,0
DA:18,0
DA:19,0
DA:23,0
DA:25,0
DA:26,0
DA:32,0
DA:33,0
DA:34,0
DA:36,0
DA:37,0
DA:43,0
DA:44,0
DA:46,0
DA:52,0
DA:53,0
DA:55,0
DA:61,0
DA:62,0
DA:64,0
DA:69,0
LF:28
LH:0
BRDA:10,0,0,0
BRDA:14,1,0,0
BRDA:18,2,0,0
BRF:3
BRH:0
end_of_record
TN:
SF:src\middlewares\error.ts
FN:4,errorHandler
FNF:1
FNH:0
FNDA:0,errorHandler
DA:2,0
DA:4,0
DA:5,0
DA:6,0
DA:7,0
DA:11,0
DA:12,0
DA:13,0
DA:17,0
DA:21,0
LF:10
LH:0
BRDA:5,0,0,0
BRDA:5,0,1,0
BRDA:9,1,0,0
BRDA:9,1,1,0
BRDA:9,2,0,0
BRDA:9,2,1,0
BRDA:11,3,0,0
BRDA:11,3,1,0
BRF:8
BRH:0
end_of_record
TN:
SF:src\routes\v1\routes.ts
FN:34,RegisterRoutes
FN:43,ProductController_getAllProducts
FN:76,ProductController_createProduct
FN:106,ProductController_getProductById
FN:136,ProductController_updateProduct
FN:167,ProductController_deleteProduct
FNF:6
FNH:0
FNDA:0,RegisterRoutes
FNDA:0,ProductController_getAllProducts
FNDA:0,ProductController_createProduct
FNDA:0,ProductController_getProductById
FNDA:0,ProductController_updateProduct
FNDA:0,ProductController_deleteProduct
DA:4,0
DA:6,0
DA:13,0
DA:30,0
DA:34,0
DA:39,0
DA:44,0
DA:53,0
DA:54,0
DA:55,0
DA:57,0
DA:59,0
DA:68,0
DA:72,0
DA:77,0
DA:83,0
DA:84,0
DA:85,0
DA:87,0
DA:89,0
DA:98,0
DA:102,0
DA:107,0
DA:113,0
DA:114,0
DA:115,0
DA:117,0
DA:119,0
DA:128,0
DA:132,0
DA:137,0
DA:144,0
DA:145,0
DA:146,0
DA:148,0
DA:150,0
DA:159,0
DA:163,0
DA:168,0
DA:174,0
DA:175,0
DA:176,0
DA:178,0
DA:180,0
DA:189,0
LF:45
LH:0
BRF:0
BRH:0
end_of_record
TN:
SF:src\services\products.service.ts
FN:9,(anonymous_7)
FN:19,(anonymous_9)
FN:29,(anonymous_11)
FN:39,(anonymous_13)
FN:48,(anonymous_15)
FNF:5
FNH:0
FNDA:0,(anonymous_7)
FNDA:0,(anonymous_9)
FNDA:0,(anonymous_11)
FNDA:0,(anonymous_13)
FNDA:0,(anonymous_15)
DA:3,0
DA:10,0
DA:11,0
DA:12,0
DA:14,0
DA:20,0
DA:21,0
DA:22,0
DA:24,0
DA:30,0
DA:31,0
DA:32,0
DA:34,0
DA:40,0
DA:41,0
DA:43,0
DA:49,0
DA:50,0
DA:52,0
DA:58,0
LF:20
LH:0
BRF:0
BRH:0
end_of_record
